<?xml version="1.0" encoding="UTF-8"?>
<!-- Generated by org.testng.reporters.JUnitReportReporter -->
<testsuite hostname="Aarush" failures="0" tests="2" name="ProjectTestCases.Category" time="0.001" errors="0" timestamp="2024-04-19T17:47:24 IST" skipped="2">
  <testcase classname="ProjectTestCases.Category" name="addCategory" time="0.001">
    <skipped/>
  </testcase> <!-- addCategory -->
  <testcase classname="ProjectTestCases.Category" name="searchCategory" time="0.000">
    <skipped/>
  </testcase> <!-- searchCategory -->
</testsuite> <!-- ProjectTestCases.Category -->
