<?xml version="1.0" encoding="UTF-8"?>
<!-- Generated by org.testng.reporters.JUnitReportReporter -->
<testsuite hostname="Aarush" failures="0" tests="2" name="ProjectTestCases.Product" time="60.547" errors="0" timestamp="2024-04-15T19:30:51 IST" skipped="0">
  <testcase classname="ProjectTestCases.Product" name="addProduct" time="45.296"/>
  <testcase classname="ProjectTestCases.Product" name="searchProduct" time="15.251"/>
</testsuite> <!-- ProjectTestCases.Product -->
