<?xml version="1.0" encoding="UTF-8"?>
<!-- Generated by org.testng.reporters.JUnitReportReporter -->
<testsuite hostname="Aarush" failures="0" tests="2" name="ProjectTestCases.Product" time="0.000" errors="0" timestamp="2024-04-19T17:47:24 IST" skipped="2">
  <testcase classname="ProjectTestCases.Product" name="addProduct" time="0.000">
    <skipped/>
  </testcase> <!-- addProduct -->
  <testcase classname="ProjectTestCases.Product" name="searchProduct" time="0.000">
    <skipped/>
  </testcase> <!-- searchProduct -->
</testsuite> <!-- ProjectTestCases.Product -->
