<?xml version="1.0" encoding="UTF-8"?>
<!-- Generated by org.testng.reporters.JUnitReportReporter -->
<testsuite hostname="Aarush" failures="0" tests="2" name="ProjectTestCases.Unit" time="34.199" errors="0" timestamp="2024-04-15T19:30:51 IST" skipped="0">
  <testcase classname="ProjectTestCases.Unit" name="addUnit" time="17.994"/>
  <testcase classname="ProjectTestCases.Unit" name="searchUnit" time="16.205"/>
</testsuite> <!-- ProjectTestCases.Unit -->
