<?xml version="1.0" encoding="UTF-8"?>
<!-- Generated by org.testng.reporters.JUnitReportReporter -->
<testsuite hostname="Aarush" failures="0" tests="2" name="ProjectTestCases.Login" time="7.764" errors="0" timestamp="2024-04-15T19:30:51 IST" skipped="0">
  <testcase classname="ProjectTestCases.Login" name="invalidLogin" time="1.730"/>
  <testcase classname="ProjectTestCases.Login" name="validLogin" time="6.034"/>
</testsuite> <!-- ProjectTestCases.Login -->
