<?xml version="1.0" encoding="UTF-8"?>
<!-- Generated by org.testng.reporters.JUnitReportReporter -->
<testsuite hostname="Aarush" failures="0" tests="2" name="ProjectTestCases.Brand" time="19.730" errors="0" timestamp="2024-04-15T19:30:51 IST" skipped="0">
  <testcase classname="ProjectTestCases.Brand" name="addBrand" time="14.553"/>
  <testcase classname="ProjectTestCases.Brand" name="searchBrand" time="5.177"/>
</testsuite> <!-- ProjectTestCases.Brand -->
